line 1, col 1-2: KW_IF if
line 1, col 4-4: LPAREN (
line 1, col 5-13: ID condition
line 1, col 15-16: EQ ==
line 1, col 18-18: INTNUM 1
line 1, col 19-19: RPAREN )
line 1, col 20-20: LBRACE {
line 1, col 21-21: NEWLINE \n
line 2, col 1-1: INDENT INDENT
line 2, col 2-3: KW_IF if
line 2, col 5-5: LPAREN (
line 2, col 6-15: ID condition2
line 2, col 17-18: EQ ==
line 2, col 20-20: INTNUM 2
line 2, col 21-21: RPAREN )
line 2, col 22-22: LBRACE {
line 2, col 23-23: NEWLINE \n
line 3, col 1-1: INDENT INDENT
line 3, col 3-5: KW_INT int
line 3, col 7-7: ID x
line 3, col 9-9: ASSIGN =
line 3, col 11-11: INTNUM 0
line 3, col 12-12: SEMI ;
line 3, col 13-13: NEWLINE \n
line 4, col 1-1: DEDENT DEDENT
line 4, col 2-2: RBRACE }
line 4, col 3-3: NEWLINE \n
line 5, col 1-1: INDENT INDENT
line 5, col 4-6: KW_INT int
line 5, col 8-8: ID x
line 5, col 10-10: ASSIGN =
line 5, col 12-12: INTNUM 4
line 5, col 13-13: SEMI ;
line 5, col 14-14: NEWLINE \n
line 5, col 1-1: DEDENT DEDENT
line 5, col 1-1: DEDENT DEDENT
line 5, col 1-1: EOF EOF
